<?xml version="1.0" encoding="utf-8"?><testsuites><testsuite name="pytest" errors="0" failures="0" skipped="0" tests="3" time="24.577" timestamp="2024-02-14T14:05:56.331678" hostname="Chunde-MacBook-Pro.local"><testcase classname="test_HomePage.TestHomePage" name="test_formSubmission[getData0]" time="9.640" /><testcase classname="test_HomePage.TestHomePage" name="test_formSubmission[getData1]" time="1.767" /><testcase classname="test_e2e.TestOne" name="test_e2e" time="13.063" /></testsuite></testsuites>